mode: set
github.com/bovf/pangolin-operator/api/v1alpha1/pangolinbinding_types.go:62.13,64.2 1 0
github.com/bovf/pangolin-operator/api/v1alpha1/pangolinresource_types.go:79.13,81.2 1 0
github.com/bovf/pangolin-operator/api/v1alpha1/pangolintunnel_types.go:77.13,79.2 1 0
github.com/bovf/pangolin-operator/api/v1alpha1/zz_generated.deepcopy.go:29.73,31.2 1 0
github.com/bovf/pangolin-operator/api/v1alpha1/zz_generated.deepcopy.go:34.66,35.15 1 0
github.com/bovf/pangolin-operator/api/v1alpha1/zz_generated.deepcopy.go:35.15,37.3 1 0
github.com/bovf/pangolin-operator/api/v1alpha1/zz_generated.deepcopy.go:38.2,40.12 3 0
github.com/bovf/pangolin-operator/api/v1alpha1/zz_generated.deepcopy.go:44.61,46.24 2 0
github.com/bovf/pangolin-operator/api/v1alpha1/zz_generated.deepcopy.go:46.24,50.3 3 0
github.com/bovf/pangolin-operator/api/v1alpha1/zz_generated.deepcopy.go:54.54,55.15 1 0
github.com/bovf/pangolin-operator/api/v1alpha1/zz_generated.deepcopy.go:55.15,57.3 1 0
github.com/bovf/pangolin-operator/api/v1alpha1/zz_generated.deepcopy.go:58.2,60.12 3 0
github.com/bovf/pangolin-operator/api/v1alpha1/zz_generated.deepcopy.go:64.63,70.2 5 0
github.com/bovf/pangolin-operator/api/v1alpha1/zz_generated.deepcopy.go:73.56,74.15 1 0
github.com/bovf/pangolin-operator/api/v1alpha1/zz_generated.deepcopy.go:74.15,76.3 1 0
github.com/bovf/pangolin-operator/api/v1alpha1/zz_generated.deepcopy.go:77.2,79.12 3 0
github.com/bovf/pangolin-operator/api/v1alpha1/zz_generated.deepcopy.go:83.60,84.34 1 0
github.com/bovf/pangolin-operator/api/v1alpha1/zz_generated.deepcopy.go:84.34,86.3 1 0
github.com/bovf/pangolin-operator/api/v1alpha1/zz_generated.deepcopy.go:87.2,87.12 1 0
github.com/bovf/pangolin-operator/api/v1alpha1/zz_generated.deepcopy.go:91.71,95.21 4 0
github.com/bovf/pangolin-operator/api/v1alpha1/zz_generated.deepcopy.go:95.21,98.22 3 0
github.com/bovf/pangolin-operator/api/v1alpha1/zz_generated.deepcopy.go:98.22,100.4 1 0
github.com/bovf/pangolin-operator/api/v1alpha1/zz_generated.deepcopy.go:105.64,106.15 1 0
github.com/bovf/pangolin-operator/api/v1alpha1/zz_generated.deepcopy.go:106.15,108.3 1 0
github.com/bovf/pangolin-operator/api/v1alpha1/zz_generated.deepcopy.go:109.2,111.12 3 0
github.com/bovf/pangolin-operator/api/v1alpha1/zz_generated.deepcopy.go:115.64,116.34 1 0
github.com/bovf/pangolin-operator/api/v1alpha1/zz_generated.deepcopy.go:116.34,118.3 1 0
github.com/bovf/pangolin-operator/api/v1alpha1/zz_generated.deepcopy.go:119.2,119.12 1 0
github.com/bovf/pangolin-operator/api/v1alpha1/zz_generated.deepcopy.go:123.71,125.2 1 0
github.com/bovf/pangolin-operator/api/v1alpha1/zz_generated.deepcopy.go:128.64,129.15 1 0
github.com/bovf/pangolin-operator/api/v1alpha1/zz_generated.deepcopy.go:129.15,131.3 1 0
github.com/bovf/pangolin-operator/api/v1alpha1/zz_generated.deepcopy.go:132.2,134.12 3 0
github.com/bovf/pangolin-operator/api/v1alpha1/zz_generated.deepcopy.go:138.75,140.2 1 0
github.com/bovf/pangolin-operator/api/v1alpha1/zz_generated.deepcopy.go:143.68,144.15 1 0
github.com/bovf/pangolin-operator/api/v1alpha1/zz_generated.deepcopy.go:144.15,146.3 1 0
github.com/bovf/pangolin-operator/api/v1alpha1/zz_generated.deepcopy.go:147.2,149.12 3 0
github.com/bovf/pangolin-operator/api/v1alpha1/zz_generated.deepcopy.go:153.65,159.2 5 0
github.com/bovf/pangolin-operator/api/v1alpha1/zz_generated.deepcopy.go:162.58,163.15 1 0
github.com/bovf/pangolin-operator/api/v1alpha1/zz_generated.deepcopy.go:163.15,165.3 1 0
github.com/bovf/pangolin-operator/api/v1alpha1/zz_generated.deepcopy.go:166.2,168.12 3 0
github.com/bovf/pangolin-operator/api/v1alpha1/zz_generated.deepcopy.go:172.61,173.34 1 0
github.com/bovf/pangolin-operator/api/v1alpha1/zz_generated.deepcopy.go:173.34,175.3 1 0
github.com/bovf/pangolin-operator/api/v1alpha1/zz_generated.deepcopy.go:176.2,176.12 1 0
github.com/bovf/pangolin-operator/api/v1alpha1/zz_generated.deepcopy.go:180.73,184.21 4 0
github.com/bovf/pangolin-operator/api/v1alpha1/zz_generated.deepcopy.go:184.21,187.22 3 0
github.com/bovf/pangolin-operator/api/v1alpha1/zz_generated.deepcopy.go:187.22,189.4 1 0
github.com/bovf/pangolin-operator/api/v1alpha1/zz_generated.deepcopy.go:194.66,195.15 1 0
github.com/bovf/pangolin-operator/api/v1alpha1/zz_generated.deepcopy.go:195.15,197.3 1 0
github.com/bovf/pangolin-operator/api/v1alpha1/zz_generated.deepcopy.go:198.2,200.12 3 0
github.com/bovf/pangolin-operator/api/v1alpha1/zz_generated.deepcopy.go:204.65,205.34 1 0
github.com/bovf/pangolin-operator/api/v1alpha1/zz_generated.deepcopy.go:205.34,207.3 1 0
github.com/bovf/pangolin-operator/api/v1alpha1/zz_generated.deepcopy.go:208.2,208.12 1 0
github.com/bovf/pangolin-operator/api/v1alpha1/zz_generated.deepcopy.go:212.73,215.25 3 0
github.com/bovf/pangolin-operator/api/v1alpha1/zz_generated.deepcopy.go:215.25,219.3 3 0
github.com/bovf/pangolin-operator/api/v1alpha1/zz_generated.deepcopy.go:220.2,220.27 1 0
github.com/bovf/pangolin-operator/api/v1alpha1/zz_generated.deepcopy.go:220.27,224.3 3 0
github.com/bovf/pangolin-operator/api/v1alpha1/zz_generated.deepcopy.go:225.2,225.23 1 0
github.com/bovf/pangolin-operator/api/v1alpha1/zz_generated.deepcopy.go:225.23,229.3 3 0
github.com/bovf/pangolin-operator/api/v1alpha1/zz_generated.deepcopy.go:233.66,234.15 1 0
github.com/bovf/pangolin-operator/api/v1alpha1/zz_generated.deepcopy.go:234.15,236.3 1 0
github.com/bovf/pangolin-operator/api/v1alpha1/zz_generated.deepcopy.go:237.2,239.12 3 0
github.com/bovf/pangolin-operator/api/v1alpha1/zz_generated.deepcopy.go:243.77,245.26 2 0
github.com/bovf/pangolin-operator/api/v1alpha1/zz_generated.deepcopy.go:245.26,248.22 3 0
github.com/bovf/pangolin-operator/api/v1alpha1/zz_generated.deepcopy.go:248.22,250.4 1 0
github.com/bovf/pangolin-operator/api/v1alpha1/zz_generated.deepcopy.go:255.70,256.15 1 0
github.com/bovf/pangolin-operator/api/v1alpha1/zz_generated.deepcopy.go:256.15,258.3 1 0
github.com/bovf/pangolin-operator/api/v1alpha1/zz_generated.deepcopy.go:259.2,261.12 3 0
github.com/bovf/pangolin-operator/api/v1alpha1/zz_generated.deepcopy.go:265.61,271.2 5 0
github.com/bovf/pangolin-operator/api/v1alpha1/zz_generated.deepcopy.go:274.54,275.15 1 0
github.com/bovf/pangolin-operator/api/v1alpha1/zz_generated.deepcopy.go:275.15,277.3 1 0
github.com/bovf/pangolin-operator/api/v1alpha1/zz_generated.deepcopy.go:278.2,280.12 3 0
github.com/bovf/pangolin-operator/api/v1alpha1/zz_generated.deepcopy.go:284.59,285.34 1 0
github.com/bovf/pangolin-operator/api/v1alpha1/zz_generated.deepcopy.go:285.34,287.3 1 0
github.com/bovf/pangolin-operator/api/v1alpha1/zz_generated.deepcopy.go:288.2,288.12 1 0
github.com/bovf/pangolin-operator/api/v1alpha1/zz_generated.deepcopy.go:292.69,296.21 4 0
github.com/bovf/pangolin-operator/api/v1alpha1/zz_generated.deepcopy.go:296.21,299.22 3 0
github.com/bovf/pangolin-operator/api/v1alpha1/zz_generated.deepcopy.go:299.22,301.4 1 0
github.com/bovf/pangolin-operator/api/v1alpha1/zz_generated.deepcopy.go:306.62,307.15 1 0
github.com/bovf/pangolin-operator/api/v1alpha1/zz_generated.deepcopy.go:307.15,309.3 1 0
github.com/bovf/pangolin-operator/api/v1alpha1/zz_generated.deepcopy.go:310.2,312.12 3 0
github.com/bovf/pangolin-operator/api/v1alpha1/zz_generated.deepcopy.go:316.63,317.34 1 0
github.com/bovf/pangolin-operator/api/v1alpha1/zz_generated.deepcopy.go:317.34,319.3 1 0
github.com/bovf/pangolin-operator/api/v1alpha1/zz_generated.deepcopy.go:320.2,320.12 1 0
github.com/bovf/pangolin-operator/api/v1alpha1/zz_generated.deepcopy.go:324.69,327.24 3 0
github.com/bovf/pangolin-operator/api/v1alpha1/zz_generated.deepcopy.go:327.24,331.3 3 0
github.com/bovf/pangolin-operator/api/v1alpha1/zz_generated.deepcopy.go:332.2,332.26 1 0
github.com/bovf/pangolin-operator/api/v1alpha1/zz_generated.deepcopy.go:332.26,336.3 3 0
github.com/bovf/pangolin-operator/api/v1alpha1/zz_generated.deepcopy.go:337.2,337.22 1 0
github.com/bovf/pangolin-operator/api/v1alpha1/zz_generated.deepcopy.go:337.22,340.29 3 0
github.com/bovf/pangolin-operator/api/v1alpha1/zz_generated.deepcopy.go:340.29,342.4 1 0
github.com/bovf/pangolin-operator/api/v1alpha1/zz_generated.deepcopy.go:347.62,348.15 1 0
github.com/bovf/pangolin-operator/api/v1alpha1/zz_generated.deepcopy.go:348.15,350.3 1 0
github.com/bovf/pangolin-operator/api/v1alpha1/zz_generated.deepcopy.go:351.2,353.12 3 0
github.com/bovf/pangolin-operator/api/v1alpha1/zz_generated.deepcopy.go:357.73,359.26 2 0
github.com/bovf/pangolin-operator/api/v1alpha1/zz_generated.deepcopy.go:359.26,362.22 3 0
github.com/bovf/pangolin-operator/api/v1alpha1/zz_generated.deepcopy.go:362.22,364.4 1 0
github.com/bovf/pangolin-operator/api/v1alpha1/zz_generated.deepcopy.go:369.66,370.15 1 0
github.com/bovf/pangolin-operator/api/v1alpha1/zz_generated.deepcopy.go:370.15,372.3 1 0
github.com/bovf/pangolin-operator/api/v1alpha1/zz_generated.deepcopy.go:373.2,375.12 3 0
github.com/bovf/pangolin-operator/cmd/main.go:48.13,53.2 2 0
github.com/bovf/pangolin-operator/cmd/main.go:55.13,86.38 16 0
github.com/bovf/pangolin-operator/cmd/main.go:86.38,89.3 2 0
github.com/bovf/pangolin-operator/cmd/main.go:91.2,91.18 1 0
github.com/bovf/pangolin-operator/cmd/main.go:91.18,93.3 1 0
github.com/bovf/pangolin-operator/cmd/main.go:95.2,115.19 3 0
github.com/bovf/pangolin-operator/cmd/main.go:115.19,121.3 1 0
github.com/bovf/pangolin-operator/cmd/main.go:123.2,142.16 2 0
github.com/bovf/pangolin-operator/cmd/main.go:142.16,145.3 2 0
github.com/bovf/pangolin-operator/cmd/main.go:147.2,150.39 1 0
github.com/bovf/pangolin-operator/cmd/main.go:150.39,153.3 2 0
github.com/bovf/pangolin-operator/cmd/main.go:154.2,157.39 1 0
github.com/bovf/pangolin-operator/cmd/main.go:157.39,160.3 2 0
github.com/bovf/pangolin-operator/cmd/main.go:161.2,164.39 1 0
github.com/bovf/pangolin-operator/cmd/main.go:164.39,167.3 2 0
github.com/bovf/pangolin-operator/cmd/main.go:170.2,170.69 1 0
github.com/bovf/pangolin-operator/cmd/main.go:170.69,173.3 2 0
github.com/bovf/pangolin-operator/cmd/main.go:174.2,174.67 1 0
github.com/bovf/pangolin-operator/cmd/main.go:174.67,177.3 2 0
github.com/bovf/pangolin-operator/cmd/main.go:179.2,180.61 2 0
github.com/bovf/pangolin-operator/cmd/main.go:180.61,183.3 2 0
github.com/bovf/pangolin-operator/test/utils/utils.go:37.27,39.2 1 0
github.com/bovf/pangolin-operator/test/utils/utils.go:42.40,47.2 4 0
github.com/bovf/pangolin-operator/test/utils/utils.go:50.41,54.42 3 0
github.com/bovf/pangolin-operator/test/utils/utils.go:54.42,56.3 1 0
github.com/bovf/pangolin-operator/test/utils/utils.go:58.2,62.16 5 0
github.com/bovf/pangolin-operator/test/utils/utils.go:62.16,64.3 1 0
github.com/bovf/pangolin-operator/test/utils/utils.go:66.2,66.20 1 0
github.com/bovf/pangolin-operator/test/utils/utils.go:70.36,73.36 3 0
github.com/bovf/pangolin-operator/test/utils/utils.go:73.36,75.3 1 0
github.com/bovf/pangolin-operator/test/utils/utils.go:79.29,82.36 3 0
github.com/bovf/pangolin-operator/test/utils/utils.go:82.36,84.3 1 0
github.com/bovf/pangolin-operator/test/utils/utils.go:88.33,91.36 3 0
github.com/bovf/pangolin-operator/test/utils/utils.go:91.36,93.3 1 0
github.com/bovf/pangolin-operator/test/utils/utils.go:96.2,103.12 3 0
github.com/bovf/pangolin-operator/test/utils/utils.go:107.56,109.47 2 0
github.com/bovf/pangolin-operator/test/utils/utils.go:109.47,111.3 1 0
github.com/bovf/pangolin-operator/test/utils/utils.go:112.2,115.12 4 0
github.com/bovf/pangolin-operator/test/utils/utils.go:120.47,123.35 3 0
github.com/bovf/pangolin-operator/test/utils/utils.go:123.35,124.20 1 0
github.com/bovf/pangolin-operator/test/utils/utils.go:124.20,126.4 1 0
github.com/bovf/pangolin-operator/test/utils/utils.go:129.2,129.12 1 0
github.com/bovf/pangolin-operator/test/utils/utils.go:133.38,135.16 2 0
github.com/bovf/pangolin-operator/test/utils/utils.go:135.16,137.3 1 0
github.com/bovf/pangolin-operator/test/utils/utils.go:138.2,139.16 2 0
github.com/bovf/pangolin-operator/pkg/pangolin/client.go:20.49,28.2 1 0
github.com/bovf/pangolin-operator/pkg/pangolin/client.go:31.114,37.17 4 0
github.com/bovf/pangolin-operator/pkg/pangolin/client.go:37.17,39.17 2 0
github.com/bovf/pangolin-operator/pkg/pangolin/client.go:39.17,41.4 1 0
github.com/bovf/pangolin-operator/pkg/pangolin/client.go:44.2,45.16 2 0
github.com/bovf/pangolin-operator/pkg/pangolin/client.go:45.16,47.3 1 0
github.com/bovf/pangolin-operator/pkg/pangolin/client.go:49.2,54.16 5 0
github.com/bovf/pangolin-operator/pkg/pangolin/client.go:54.16,56.3 1 0
github.com/bovf/pangolin-operator/pkg/pangolin/client.go:58.2,58.18 1 0
github.com/bovf/pangolin-operator/pkg/pangolin/client.go:62.81,64.16 2 0
github.com/bovf/pangolin-operator/pkg/pangolin/client.go:64.16,66.3 1 0
github.com/bovf/pangolin-operator/pkg/pangolin/client.go:67.2,69.38 2 0
github.com/bovf/pangolin-operator/pkg/pangolin/client.go:69.38,71.3 1 0
github.com/bovf/pangolin-operator/pkg/pangolin/client.go:73.2,80.67 2 0
github.com/bovf/pangolin-operator/pkg/pangolin/client.go:80.67,82.3 1 0
github.com/bovf/pangolin-operator/pkg/pangolin/client.go:84.2,84.21 1 0
github.com/bovf/pangolin-operator/pkg/pangolin/client.go:84.21,86.3 1 0
github.com/bovf/pangolin-operator/pkg/pangolin/client.go:88.2,88.30 1 0
github.com/bovf/pangolin-operator/pkg/pangolin/client.go:92.95,100.16 4 0
github.com/bovf/pangolin-operator/pkg/pangolin/client.go:100.16,102.3 1 0
github.com/bovf/pangolin-operator/pkg/pangolin/client.go:103.2,105.79 2 0
github.com/bovf/pangolin-operator/pkg/pangolin/client.go:105.79,107.3 1 0
github.com/bovf/pangolin-operator/pkg/pangolin/client.go:109.2,114.67 2 0
github.com/bovf/pangolin-operator/pkg/pangolin/client.go:114.67,116.3 1 0
github.com/bovf/pangolin-operator/pkg/pangolin/client.go:118.2,118.21 1 0
github.com/bovf/pangolin-operator/pkg/pangolin/client.go:118.21,120.3 1 0
github.com/bovf/pangolin-operator/pkg/pangolin/client.go:122.2,122.26 1 0
github.com/bovf/pangolin-operator/pkg/pangolin/client.go:126.120,129.16 3 0
github.com/bovf/pangolin-operator/pkg/pangolin/client.go:129.16,131.3 1 0
github.com/bovf/pangolin-operator/pkg/pangolin/client.go:132.2,134.79 2 0
github.com/bovf/pangolin-operator/pkg/pangolin/client.go:134.79,136.3 1 0
github.com/bovf/pangolin-operator/pkg/pangolin/client.go:138.2,143.67 2 0
github.com/bovf/pangolin-operator/pkg/pangolin/client.go:143.67,145.3 1 0
github.com/bovf/pangolin-operator/pkg/pangolin/client.go:147.2,147.21 1 0
github.com/bovf/pangolin-operator/pkg/pangolin/client.go:147.21,149.3 1 0
github.com/bovf/pangolin-operator/pkg/pangolin/client.go:151.2,151.26 1 0
github.com/bovf/pangolin-operator/pkg/pangolin/client.go:155.111,158.16 3 0
github.com/bovf/pangolin-operator/pkg/pangolin/client.go:158.16,160.3 1 0
github.com/bovf/pangolin-operator/pkg/pangolin/client.go:161.2,163.79 2 0
github.com/bovf/pangolin-operator/pkg/pangolin/client.go:163.79,165.3 1 0
github.com/bovf/pangolin-operator/pkg/pangolin/client.go:167.2,172.67 2 0
github.com/bovf/pangolin-operator/pkg/pangolin/client.go:172.67,174.3 1 0
github.com/bovf/pangolin-operator/pkg/pangolin/client.go:176.2,176.21 1 0
github.com/bovf/pangolin-operator/pkg/pangolin/client.go:176.21,178.3 1 0
github.com/bovf/pangolin-operator/pkg/pangolin/client.go:180.2,180.26 1 0
github.com/bovf/pangolin-operator/internal/controller/pangolinbinding_controller.go:49.107,55.2 2 1
github.com/bovf/pangolin-operator/internal/controller/pangolinbinding_controller.go:58.78,62.2 1 0
github.com/bovf/pangolin-operator/internal/controller/pangolinresource_controller.go:49.108,55.2 2 1
github.com/bovf/pangolin-operator/internal/controller/pangolinresource_controller.go:58.79,62.2 1 0
github.com/bovf/pangolin-operator/internal/controller/pangolintunnel_controller.go:39.106,45.16 4 1
github.com/bovf/pangolin-operator/internal/controller/pangolintunnel_controller.go:45.16,46.29 1 0
github.com/bovf/pangolin-operator/internal/controller/pangolintunnel_controller.go:46.29,49.4 2 0
github.com/bovf/pangolin-operator/internal/controller/pangolintunnel_controller.go:50.3,51.28 2 0
github.com/bovf/pangolin-operator/internal/controller/pangolintunnel_controller.go:55.2,55.37 1 1
github.com/bovf/pangolin-operator/internal/controller/pangolintunnel_controller.go:55.37,57.3 1 0
github.com/bovf/pangolin-operator/internal/controller/pangolintunnel_controller.go:60.2,60.68 1 1
github.com/bovf/pangolin-operator/internal/controller/pangolintunnel_controller.go:60.68,63.3 2 1
github.com/bovf/pangolin-operator/internal/controller/pangolintunnel_controller.go:66.2,67.16 2 0
github.com/bovf/pangolin-operator/internal/controller/pangolintunnel_controller.go:67.16,70.3 2 0
github.com/bovf/pangolin-operator/internal/controller/pangolintunnel_controller.go:73.2,74.16 2 0
github.com/bovf/pangolin-operator/internal/controller/pangolintunnel_controller.go:74.16,77.3 2 0
github.com/bovf/pangolin-operator/internal/controller/pangolintunnel_controller.go:80.2,81.16 2 0
github.com/bovf/pangolin-operator/internal/controller/pangolintunnel_controller.go:81.16,84.3 2 0
github.com/bovf/pangolin-operator/internal/controller/pangolintunnel_controller.go:87.2,88.16 2 0
github.com/bovf/pangolin-operator/internal/controller/pangolintunnel_controller.go:88.16,91.3 2 0
github.com/bovf/pangolin-operator/internal/controller/pangolintunnel_controller.go:94.2,95.16 2 0
github.com/bovf/pangolin-operator/internal/controller/pangolintunnel_controller.go:95.16,98.3 2 0
github.com/bovf/pangolin-operator/internal/controller/pangolintunnel_controller.go:101.2,102.32 2 0
github.com/bovf/pangolin-operator/internal/controller/pangolintunnel_controller.go:102.32,104.3 1 0
github.com/bovf/pangolin-operator/internal/controller/pangolintunnel_controller.go:105.2,110.64 5 0
github.com/bovf/pangolin-operator/internal/controller/pangolintunnel_controller.go:114.143,121.16 3 0
github.com/bovf/pangolin-operator/internal/controller/pangolintunnel_controller.go:121.16,123.3 1 0
github.com/bovf/pangolin-operator/internal/controller/pangolintunnel_controller.go:125.2,126.9 2 0
github.com/bovf/pangolin-operator/internal/controller/pangolintunnel_controller.go:126.9,128.3 1 0
github.com/bovf/pangolin-operator/internal/controller/pangolintunnel_controller.go:130.2,130.73 1 0
github.com/bovf/pangolin-operator/internal/controller/pangolintunnel_controller.go:134.154,145.23 3 0
github.com/bovf/pangolin-operator/internal/controller/pangolintunnel_controller.go:145.23,148.3 2 0
github.com/bovf/pangolin-operator/internal/controller/pangolintunnel_controller.go:150.2,155.23 4 0
github.com/bovf/pangolin-operator/internal/controller/pangolintunnel_controller.go:155.23,157.3 1 0
github.com/bovf/pangolin-operator/internal/controller/pangolintunnel_controller.go:159.2,159.27 1 0
github.com/bovf/pangolin-operator/internal/controller/pangolintunnel_controller.go:163.77,169.2 1 0
github.com/bovf/pangolin-operator/internal/controller/pangolintunnel_helpers.go:16.128,20.2 1 0
github.com/bovf/pangolin-operator/internal/controller/pangolintunnel_helpers.go:23.149,24.34 1 0
github.com/bovf/pangolin-operator/internal/controller/pangolintunnel_helpers.go:24.34,26.3 1 0
github.com/bovf/pangolin-operator/internal/controller/pangolintunnel_helpers.go:28.2,28.84 1 0
github.com/bovf/pangolin-operator/internal/controller/pangolintunnel_helpers.go:32.166,41.2 2 0
github.com/bovf/pangolin-operator/internal/controller/pangolintunnel_helpers.go:44.139,45.92 1 0
github.com/bovf/pangolin-operator/internal/controller/pangolintunnel_helpers.go:45.92,47.3 1 0
github.com/bovf/pangolin-operator/internal/controller/pangolintunnel_helpers.go:50.2,51.12 2 0
github.com/bovf/pangolin-operator/internal/controller/pangolintunnel_helpers.go:55.143,56.92 1 0
github.com/bovf/pangolin-operator/internal/controller/pangolintunnel_helpers.go:56.92,58.3 1 0
github.com/bovf/pangolin-operator/internal/controller/pangolintunnel_helpers.go:60.2,60.12 1 0
github.com/bovf/pangolin-operator/internal/controller/pangolintunnel_helpers.go:64.96,66.2 1 0
