mode: set
github.com/bovf/pangolin-operator/api/v1alpha1/pangolinbinding_types.go:62.13,64.2 1 0
github.com/bovf/pangolin-operator/api/v1alpha1/pangolinresource_types.go:62.13,64.2 1 0
github.com/bovf/pangolin-operator/api/v1alpha1/pangolintunnel_types.go:62.13,64.2 1 0
github.com/bovf/pangolin-operator/api/v1alpha1/zz_generated.deepcopy.go:28.63,34.2 5 0
github.com/bovf/pangolin-operator/api/v1alpha1/zz_generated.deepcopy.go:37.56,38.15 1 0
github.com/bovf/pangolin-operator/api/v1alpha1/zz_generated.deepcopy.go:38.15,40.3 1 0
github.com/bovf/pangolin-operator/api/v1alpha1/zz_generated.deepcopy.go:41.2,43.12 3 0
github.com/bovf/pangolin-operator/api/v1alpha1/zz_generated.deepcopy.go:47.60,48.34 1 0
github.com/bovf/pangolin-operator/api/v1alpha1/zz_generated.deepcopy.go:48.34,50.3 1 0
github.com/bovf/pangolin-operator/api/v1alpha1/zz_generated.deepcopy.go:51.2,51.12 1 0
github.com/bovf/pangolin-operator/api/v1alpha1/zz_generated.deepcopy.go:55.71,59.21 4 0
github.com/bovf/pangolin-operator/api/v1alpha1/zz_generated.deepcopy.go:59.21,62.22 3 0
github.com/bovf/pangolin-operator/api/v1alpha1/zz_generated.deepcopy.go:62.22,64.4 1 0
github.com/bovf/pangolin-operator/api/v1alpha1/zz_generated.deepcopy.go:69.64,70.15 1 0
github.com/bovf/pangolin-operator/api/v1alpha1/zz_generated.deepcopy.go:70.15,72.3 1 0
github.com/bovf/pangolin-operator/api/v1alpha1/zz_generated.deepcopy.go:73.2,75.12 3 0
github.com/bovf/pangolin-operator/api/v1alpha1/zz_generated.deepcopy.go:79.64,80.34 1 0
github.com/bovf/pangolin-operator/api/v1alpha1/zz_generated.deepcopy.go:80.34,82.3 1 0
github.com/bovf/pangolin-operator/api/v1alpha1/zz_generated.deepcopy.go:83.2,83.12 1 0
github.com/bovf/pangolin-operator/api/v1alpha1/zz_generated.deepcopy.go:87.71,89.2 1 0
github.com/bovf/pangolin-operator/api/v1alpha1/zz_generated.deepcopy.go:92.64,93.15 1 0
github.com/bovf/pangolin-operator/api/v1alpha1/zz_generated.deepcopy.go:93.15,95.3 1 0
github.com/bovf/pangolin-operator/api/v1alpha1/zz_generated.deepcopy.go:96.2,98.12 3 0
github.com/bovf/pangolin-operator/api/v1alpha1/zz_generated.deepcopy.go:102.75,104.2 1 0
github.com/bovf/pangolin-operator/api/v1alpha1/zz_generated.deepcopy.go:107.68,108.15 1 0
github.com/bovf/pangolin-operator/api/v1alpha1/zz_generated.deepcopy.go:108.15,110.3 1 0
github.com/bovf/pangolin-operator/api/v1alpha1/zz_generated.deepcopy.go:111.2,113.12 3 0
github.com/bovf/pangolin-operator/api/v1alpha1/zz_generated.deepcopy.go:117.65,123.2 5 0
github.com/bovf/pangolin-operator/api/v1alpha1/zz_generated.deepcopy.go:126.58,127.15 1 0
github.com/bovf/pangolin-operator/api/v1alpha1/zz_generated.deepcopy.go:127.15,129.3 1 0
github.com/bovf/pangolin-operator/api/v1alpha1/zz_generated.deepcopy.go:130.2,132.12 3 0
github.com/bovf/pangolin-operator/api/v1alpha1/zz_generated.deepcopy.go:136.61,137.34 1 0
github.com/bovf/pangolin-operator/api/v1alpha1/zz_generated.deepcopy.go:137.34,139.3 1 0
github.com/bovf/pangolin-operator/api/v1alpha1/zz_generated.deepcopy.go:140.2,140.12 1 0
github.com/bovf/pangolin-operator/api/v1alpha1/zz_generated.deepcopy.go:144.73,148.21 4 0
github.com/bovf/pangolin-operator/api/v1alpha1/zz_generated.deepcopy.go:148.21,151.22 3 0
github.com/bovf/pangolin-operator/api/v1alpha1/zz_generated.deepcopy.go:151.22,153.4 1 0
github.com/bovf/pangolin-operator/api/v1alpha1/zz_generated.deepcopy.go:158.66,159.15 1 0
github.com/bovf/pangolin-operator/api/v1alpha1/zz_generated.deepcopy.go:159.15,161.3 1 0
github.com/bovf/pangolin-operator/api/v1alpha1/zz_generated.deepcopy.go:162.2,164.12 3 0
github.com/bovf/pangolin-operator/api/v1alpha1/zz_generated.deepcopy.go:168.65,169.34 1 0
github.com/bovf/pangolin-operator/api/v1alpha1/zz_generated.deepcopy.go:169.34,171.3 1 0
github.com/bovf/pangolin-operator/api/v1alpha1/zz_generated.deepcopy.go:172.2,172.12 1 0
github.com/bovf/pangolin-operator/api/v1alpha1/zz_generated.deepcopy.go:176.73,178.2 1 0
github.com/bovf/pangolin-operator/api/v1alpha1/zz_generated.deepcopy.go:181.66,182.15 1 0
github.com/bovf/pangolin-operator/api/v1alpha1/zz_generated.deepcopy.go:182.15,184.3 1 0
github.com/bovf/pangolin-operator/api/v1alpha1/zz_generated.deepcopy.go:185.2,187.12 3 0
github.com/bovf/pangolin-operator/api/v1alpha1/zz_generated.deepcopy.go:191.77,193.2 1 0
github.com/bovf/pangolin-operator/api/v1alpha1/zz_generated.deepcopy.go:196.70,197.15 1 0
github.com/bovf/pangolin-operator/api/v1alpha1/zz_generated.deepcopy.go:197.15,199.3 1 0
github.com/bovf/pangolin-operator/api/v1alpha1/zz_generated.deepcopy.go:200.2,202.12 3 0
github.com/bovf/pangolin-operator/api/v1alpha1/zz_generated.deepcopy.go:206.61,212.2 5 0
github.com/bovf/pangolin-operator/api/v1alpha1/zz_generated.deepcopy.go:215.54,216.15 1 0
github.com/bovf/pangolin-operator/api/v1alpha1/zz_generated.deepcopy.go:216.15,218.3 1 0
github.com/bovf/pangolin-operator/api/v1alpha1/zz_generated.deepcopy.go:219.2,221.12 3 0
github.com/bovf/pangolin-operator/api/v1alpha1/zz_generated.deepcopy.go:225.59,226.34 1 0
github.com/bovf/pangolin-operator/api/v1alpha1/zz_generated.deepcopy.go:226.34,228.3 1 0
github.com/bovf/pangolin-operator/api/v1alpha1/zz_generated.deepcopy.go:229.2,229.12 1 0
github.com/bovf/pangolin-operator/api/v1alpha1/zz_generated.deepcopy.go:233.69,237.21 4 0
github.com/bovf/pangolin-operator/api/v1alpha1/zz_generated.deepcopy.go:237.21,240.22 3 0
github.com/bovf/pangolin-operator/api/v1alpha1/zz_generated.deepcopy.go:240.22,242.4 1 0
github.com/bovf/pangolin-operator/api/v1alpha1/zz_generated.deepcopy.go:247.62,248.15 1 0
github.com/bovf/pangolin-operator/api/v1alpha1/zz_generated.deepcopy.go:248.15,250.3 1 0
github.com/bovf/pangolin-operator/api/v1alpha1/zz_generated.deepcopy.go:251.2,253.12 3 0
github.com/bovf/pangolin-operator/api/v1alpha1/zz_generated.deepcopy.go:257.63,258.34 1 0
github.com/bovf/pangolin-operator/api/v1alpha1/zz_generated.deepcopy.go:258.34,260.3 1 0
github.com/bovf/pangolin-operator/api/v1alpha1/zz_generated.deepcopy.go:261.2,261.12 1 0
github.com/bovf/pangolin-operator/api/v1alpha1/zz_generated.deepcopy.go:265.69,267.2 1 0
github.com/bovf/pangolin-operator/api/v1alpha1/zz_generated.deepcopy.go:270.62,271.15 1 0
github.com/bovf/pangolin-operator/api/v1alpha1/zz_generated.deepcopy.go:271.15,273.3 1 0
github.com/bovf/pangolin-operator/api/v1alpha1/zz_generated.deepcopy.go:274.2,276.12 3 0
github.com/bovf/pangolin-operator/api/v1alpha1/zz_generated.deepcopy.go:280.73,282.2 1 0
github.com/bovf/pangolin-operator/api/v1alpha1/zz_generated.deepcopy.go:285.66,286.15 1 0
github.com/bovf/pangolin-operator/api/v1alpha1/zz_generated.deepcopy.go:286.15,288.3 1 0
github.com/bovf/pangolin-operator/api/v1alpha1/zz_generated.deepcopy.go:289.2,291.12 3 0
github.com/bovf/pangolin-operator/cmd/main.go:48.13,53.2 2 0
github.com/bovf/pangolin-operator/cmd/main.go:55.13,86.38 16 0
github.com/bovf/pangolin-operator/cmd/main.go:86.38,89.3 2 0
github.com/bovf/pangolin-operator/cmd/main.go:91.2,91.18 1 0
github.com/bovf/pangolin-operator/cmd/main.go:91.18,93.3 1 0
github.com/bovf/pangolin-operator/cmd/main.go:95.2,115.19 3 0
github.com/bovf/pangolin-operator/cmd/main.go:115.19,121.3 1 0
github.com/bovf/pangolin-operator/cmd/main.go:123.2,142.16 2 0
github.com/bovf/pangolin-operator/cmd/main.go:142.16,145.3 2 0
github.com/bovf/pangolin-operator/cmd/main.go:147.2,150.39 1 0
github.com/bovf/pangolin-operator/cmd/main.go:150.39,153.3 2 0
github.com/bovf/pangolin-operator/cmd/main.go:154.2,157.39 1 0
github.com/bovf/pangolin-operator/cmd/main.go:157.39,160.3 2 0
github.com/bovf/pangolin-operator/cmd/main.go:161.2,164.39 1 0
github.com/bovf/pangolin-operator/cmd/main.go:164.39,167.3 2 0
github.com/bovf/pangolin-operator/cmd/main.go:170.2,170.69 1 0
github.com/bovf/pangolin-operator/cmd/main.go:170.69,173.3 2 0
github.com/bovf/pangolin-operator/cmd/main.go:174.2,174.67 1 0
github.com/bovf/pangolin-operator/cmd/main.go:174.67,177.3 2 0
github.com/bovf/pangolin-operator/cmd/main.go:179.2,180.61 2 0
github.com/bovf/pangolin-operator/cmd/main.go:180.61,183.3 2 0
github.com/bovf/pangolin-operator/test/utils/utils.go:37.27,39.2 1 0
github.com/bovf/pangolin-operator/test/utils/utils.go:42.40,47.2 4 0
github.com/bovf/pangolin-operator/test/utils/utils.go:50.41,54.42 3 0
github.com/bovf/pangolin-operator/test/utils/utils.go:54.42,56.3 1 0
github.com/bovf/pangolin-operator/test/utils/utils.go:58.2,62.16 5 0
github.com/bovf/pangolin-operator/test/utils/utils.go:62.16,64.3 1 0
github.com/bovf/pangolin-operator/test/utils/utils.go:66.2,66.20 1 0
github.com/bovf/pangolin-operator/test/utils/utils.go:70.36,73.36 3 0
github.com/bovf/pangolin-operator/test/utils/utils.go:73.36,75.3 1 0
github.com/bovf/pangolin-operator/test/utils/utils.go:79.29,82.36 3 0
github.com/bovf/pangolin-operator/test/utils/utils.go:82.36,84.3 1 0
github.com/bovf/pangolin-operator/test/utils/utils.go:88.33,91.36 3 0
github.com/bovf/pangolin-operator/test/utils/utils.go:91.36,93.3 1 0
github.com/bovf/pangolin-operator/test/utils/utils.go:96.2,103.12 3 0
github.com/bovf/pangolin-operator/test/utils/utils.go:107.56,109.47 2 0
github.com/bovf/pangolin-operator/test/utils/utils.go:109.47,111.3 1 0
github.com/bovf/pangolin-operator/test/utils/utils.go:112.2,115.12 4 0
github.com/bovf/pangolin-operator/test/utils/utils.go:120.47,123.35 3 0
github.com/bovf/pangolin-operator/test/utils/utils.go:123.35,124.20 1 0
github.com/bovf/pangolin-operator/test/utils/utils.go:124.20,126.4 1 0
github.com/bovf/pangolin-operator/test/utils/utils.go:129.2,129.12 1 0
github.com/bovf/pangolin-operator/test/utils/utils.go:133.38,135.16 2 0
github.com/bovf/pangolin-operator/test/utils/utils.go:135.16,137.3 1 0
github.com/bovf/pangolin-operator/test/utils/utils.go:138.2,139.16 2 0
github.com/bovf/pangolin-operator/internal/controller/pangolinbinding_controller.go:49.107,55.2 2 1
github.com/bovf/pangolin-operator/internal/controller/pangolinbinding_controller.go:58.78,62.2 1 0
github.com/bovf/pangolin-operator/internal/controller/pangolinresource_controller.go:49.108,55.2 2 1
github.com/bovf/pangolin-operator/internal/controller/pangolinresource_controller.go:58.79,62.2 1 0
github.com/bovf/pangolin-operator/internal/controller/pangolintunnel_controller.go:49.106,55.2 2 1
github.com/bovf/pangolin-operator/internal/controller/pangolintunnel_controller.go:58.77,62.2 1 0
